
[May 28 2020, 23:19:03][INFO]:: ****Child links ****

[May 28 2020, 23:19:03][INFO]:: https://mail.google.com/mail/?tab=wm&ogbl

[May 28 2020, 23:19:03][INFO]:: https://www.google.co.in/imghp?hl=en&tab=wi&ogbl

[May 28 2020, 23:19:03][INFO]:: https://www.google.co.in/intl/en/about/products?tab=wh

[May 28 2020, 23:19:03][INFO]:: https://accounts.google.com/ServiceLogin?hl=en&passive=true&continue=https://www.google.com/

[May 28 2020, 23:19:03][INFO]:: https://www.google.com#

[May 28 2020, 23:19:03][INFO]:: https://www.google.com/setprefs?sig=0_XFpyfmV0-asfdm51s6fDuPNpY3U%3D&hl=hi&source=homepage&sa=X&ved=0ahUKEwjAu7-Nj9fpAhXvxjgGHXHvCi0Q2ZgBCA8

[May 28 2020, 23:19:03][INFO]:: https://www.google.com/setprefs?sig=0_XFpyfmV0-asfdm51s6fDuPNpY3U%3D&hl=bn&source=homepage&sa=X&ved=0ahUKEwjAu7-Nj9fpAhXvxjgGHXHvCi0Q2ZgBCBA

[May 28 2020, 23:19:03][INFO]:: https://www.google.com/setprefs?sig=0_XFpyfmV0-asfdm51s6fDuPNpY3U%3D&hl=te&source=homepage&sa=X&ved=0ahUKEwjAu7-Nj9fpAhXvxjgGHXHvCi0Q2ZgBCBE

[May 28 2020, 23:19:03][INFO]:: https://www.google.com/setprefs?sig=0_XFpyfmV0-asfdm51s6fDuPNpY3U%3D&hl=mr&source=homepage&sa=X&ved=0ahUKEwjAu7-Nj9fpAhXvxjgGHXHvCi0Q2ZgBCBI

[May 28 2020, 23:19:03][INFO]:: https://www.google.com/setprefs?sig=0_XFpyfmV0-asfdm51s6fDuPNpY3U%3D&hl=ta&source=homepage&sa=X&ved=0ahUKEwjAu7-Nj9fpAhXvxjgGHXHvCi0Q2ZgBCBM

[May 28 2020, 23:19:03][INFO]:: https://www.google.com/setprefs?sig=0_XFpyfmV0-asfdm51s6fDuPNpY3U%3D&hl=gu&source=homepage&sa=X&ved=0ahUKEwjAu7-Nj9fpAhXvxjgGHXHvCi0Q2ZgBCBQ

[May 28 2020, 23:19:03][INFO]:: https://www.google.com/setprefs?sig=0_XFpyfmV0-asfdm51s6fDuPNpY3U%3D&hl=kn&source=homepage&sa=X&ved=0ahUKEwjAu7-Nj9fpAhXvxjgGHXHvCi0Q2ZgBCBU

[May 28 2020, 23:19:03][INFO]:: https://www.google.com/setprefs?sig=0_XFpyfmV0-asfdm51s6fDuPNpY3U%3D&hl=ml&source=homepage&sa=X&ved=0ahUKEwjAu7-Nj9fpAhXvxjgGHXHvCi0Q2ZgBCBY

[May 28 2020, 23:19:03][INFO]:: https://www.google.com/setprefs?sig=0_XFpyfmV0-asfdm51s6fDuPNpY3U%3D&hl=pa&source=homepage&sa=X&ved=0ahUKEwjAu7-Nj9fpAhXvxjgGHXHvCi0Q2ZgBCBc

[May 28 2020, 23:19:03][INFO]:: https://policies.google.com/privacy?fg=1

[May 28 2020, 23:19:03][INFO]:: https://policies.google.com/terms?fg=1

[May 28 2020, 23:19:03][INFO]:: https://www.google.com/preferences?hl=en

[May 28 2020, 23:19:03][INFO]:: https://www.google.com/preferences?hl=en-IN&fg=1

[May 28 2020, 23:19:03][INFO]:: https://www.google.com/advanced_search?hl=en-IN&fg=1

[May 28 2020, 23:19:03][INFO]:: https://www.google.com/history/privacyadvisor/search/unauth?utm_source=googlemenu&fg=1

[May 28 2020, 23:19:03][INFO]:: https://www.google.com/history/optout?hl=en-IN&fg=1

[May 28 2020, 23:19:03][INFO]:: https://support.google.com/websearch/?p=ws_results_help&hl=en-IN&fg=1

[May 28 2020, 23:19:03][INFO]:: https://www.google.com/intl/en_in/ads/?subid=ww-ww-et-g-awa-a-g_hpafoot1_1!o2&utm_source=google.com&utm_medium=referral&utm_campaign=google_hpafooter&fg=1

[May 28 2020, 23:19:03][INFO]:: https://www.google.com/services/?subid=ww-ww-et-g-awa-a-g_hpbfoot1_1!o2&utm_source=google.com&utm_medium=referral&utm_campaign=google_hpbfooter&fg=1

[May 28 2020, 23:19:03][INFO]:: https://about.google/?utm_source=google-IN&utm_medium=referral&utm_campaign=hp-footer&fg=1

[May 28 2020, 23:19:03][INFO]:: https://google.com/search/howsearchworks/?fg=1

[May 28 2020, 23:19:03][INFO]:: https://www.google.com/webhp?output=search&tbm=isch&tbo=u&sa=X&ved=0ahUKEwivstyNj9fpAhUQwzgGHQ4xCWoQ0tQDCBAoAQ

[May 28 2020, 23:19:03][INFO]:: https://www.google.co.in/intl/en/about/products?tab=wh

[May 28 2020, 23:19:03][INFO]:: https://accounts.google.com/ServiceLogin?hl=en&passive=true&continue=https://www.google.com/

[May 28 2020, 23:19:03][INFO]:: https://www.google.com/search?q=weather&hl=en&sa=X&ved=0ahUKEwivstyNj9fpAhUQwzgGHQ4xCWoQlf4BCBg

[May 28 2020, 23:19:03][INFO]:: https://www.google.com/search?q=sports&ibp=spo%3B&hl=en&sa=X&ved=0ahUKEwivstyNj9fpAhUQwzgGHQ4xCWoQlP4BCBk

[May 28 2020, 23:19:03][INFO]:: https://www.google.com/search?q=entertainment+news&stick=H4sIAAAAAAAAAOOQV-LQz9U3MMrKKlnEKpSaV5JaVJKYmZcLZCnkpZYXAwCE3GQ1IQAAAA&mlp=1&hl=en&sa=X&ved=0ahUKEwivstyNj9fpAhUQwzgGHQ4xCWoQkv4BCBo

[May 28 2020, 23:19:03][INFO]:: https://www.google.com/search?q=restaurants+near+me&ibp=gwp%3B0,6&hl=en&sa=X&ved=0ahUKEwivstyNj9fpAhUQwzgGHQ4xCWoQmYACCBs

[May 28 2020, 23:19:03][INFO]:: https://www.google.com/setprefs?sig=0_RzkFP50OJgLiTfBstrNieXdjEJI%3D&hl=hi&source=homepage&sa=X&ved=0ahUKEwivstyNj9fpAhUQwzgGHQ4xCWoQ2ZgBCB0

[May 28 2020, 23:19:03][INFO]:: https://www.google.com/setprefs?sig=0_RzkFP50OJgLiTfBstrNieXdjEJI%3D&hl=bn&source=homepage&sa=X&ved=0ahUKEwivstyNj9fpAhUQwzgGHQ4xCWoQ2ZgBCB4

[May 28 2020, 23:19:03][INFO]:: https://www.google.com/setprefs?sig=0_RzkFP50OJgLiTfBstrNieXdjEJI%3D&hl=te&source=homepage&sa=X&ved=0ahUKEwivstyNj9fpAhUQwzgGHQ4xCWoQ2ZgBCB8

[May 28 2020, 23:19:03][INFO]:: https://www.google.com/setprefs?sig=0_RzkFP50OJgLiTfBstrNieXdjEJI%3D&hl=mr&source=homepage&sa=X&ved=0ahUKEwivstyNj9fpAhUQwzgGHQ4xCWoQ2ZgBCCA

[May 28 2020, 23:19:03][INFO]:: https://www.google.com/setprefs?sig=0_RzkFP50OJgLiTfBstrNieXdjEJI%3D&hl=ta&source=homepage&sa=X&ved=0ahUKEwivstyNj9fpAhUQwzgGHQ4xCWoQ2ZgBCCE

[May 28 2020, 23:19:03][INFO]:: https://www.google.com/setprefs?sig=0_RzkFP50OJgLiTfBstrNieXdjEJI%3D&hl=gu&source=homepage&sa=X&ved=0ahUKEwivstyNj9fpAhUQwzgGHQ4xCWoQ2ZgBCCI

[May 28 2020, 23:19:03][INFO]:: https://www.google.com/setprefs?sig=0_RzkFP50OJgLiTfBstrNieXdjEJI%3D&hl=kn&source=homepage&sa=X&ved=0ahUKEwivstyNj9fpAhUQwzgGHQ4xCWoQ2ZgBCCM

[May 28 2020, 23:19:03][INFO]:: https://www.google.com/setprefs?sig=0_RzkFP50OJgLiTfBstrNieXdjEJI%3D&hl=ml&source=homepage&sa=X&ved=0ahUKEwivstyNj9fpAhUQwzgGHQ4xCWoQ2ZgBCCQ

[May 28 2020, 23:19:03][INFO]:: https://www.google.com/setprefs?sig=0_RzkFP50OJgLiTfBstrNieXdjEJI%3D&hl=pa&source=homepage&sa=X&ved=0ahUKEwivstyNj9fpAhUQwzgGHQ4xCWoQ2ZgBCCU

[May 28 2020, 23:19:03][INFO]:: https://www.google.com#

[May 28 2020, 23:19:03][INFO]:: https://www.google.com/preferences?hl=en

[May 28 2020, 23:19:03][INFO]:: https://www.google.com/preferences?hl=en-IN&fg=1

[May 28 2020, 23:19:03][INFO]:: https://www.google.com/advanced_search?hl=en-IN&fg=1

[May 28 2020, 23:19:03][INFO]:: https://www.google.com/history/privacyadvisor/search/unauth?utm_source=googlemenu&fg=1

[May 28 2020, 23:19:03][INFO]:: https://www.google.com/history/optout?hl=en-IN&fg=1

[May 28 2020, 23:19:03][INFO]:: https://support.google.com/websearch/?p=ws_results_help&hl=en-IN&fg=1

[May 28 2020, 23:19:03][INFO]:: https://policies.google.com/privacy?fg=1

[May 28 2020, 23:19:03][INFO]:: https://policies.google.com/terms?fg=1

[May 28 2020, 23:19:03][INFO]:: https://www.google.com/intl/en_in/ads/?subid=ww-ww-et-g-awa-a-g_hpafoot1_1!o2&utm_source=google.com&utm_medium=referral&utm_campaign=google_hpafooter&fg=1

[May 28 2020, 23:19:03][INFO]:: https://www.google.com/services/?subid=ww-ww-et-g-awa-a-g_hpbfoot1_1!o2&utm_source=google.com&utm_medium=referral&utm_campaign=google_hpbfooter&fg=1

[May 28 2020, 23:19:03][INFO]:: https://about.google/?utm_source=google-IN&utm_medium=referral&utm_campaign=hp-footer&fg=1

[May 28 2020, 23:19:03][INFO]:: https://myaccount.google.com/?utm_source=OGB&tab=wk&utm_medium=app

[May 28 2020, 23:19:03][INFO]:: https://www.google.co.in/webhp?tab=ww

[May 28 2020, 23:19:03][INFO]:: https://maps.google.co.in/maps?hl=en&tab=wl

[May 28 2020, 23:19:03][INFO]:: https://m.youtube.com/?client=mv-google&tab=w1

[May 28 2020, 23:19:03][INFO]:: https://play.google.com/?hl=en&tab=w8

[May 28 2020, 23:19:03][INFO]:: https://news.google.co.in/news?tab=wn

[May 28 2020, 23:19:03][INFO]:: https://mail.google.com/mail/x/ogb/gp/?tab=wm

[May 28 2020, 23:19:03][INFO]:: https://meet.google.com/?hs=197

[May 28 2020, 23:19:03][INFO]:: https://contacts.google.com/?hl=en&tab=wC

[May 28 2020, 23:19:03][INFO]:: https://drive.google.com/m?tab=wo#

[May 28 2020, 23:19:03][INFO]:: https://www.google.com/calendar/gpcal?tab=wc

[May 28 2020, 23:19:03][INFO]:: https://translate.google.co.in/?hl=en&tab=wT

[May 28 2020, 23:19:03][INFO]:: https://photos.google.com/?tab=wq&pageId=none

[May 28 2020, 23:19:03][INFO]:: https://duo.google.com/?usp=duo_ald

[May 28 2020, 23:19:03][INFO]:: https://www.google.com/chrome/?brand=CHZO&utm_source=google.com&utm_medium=desktop-app-launcher&utm_campaign=desktop-app-launcher&utm_content=chrome-logo&utm_keyword=CHZO

[May 28 2020, 23:19:03][INFO]:: https://www.google.co.in/shopping?hl=en&source=og&tab=wf

[May 28 2020, 23:19:03][INFO]:: https://docs.google.com/document/?usp=docs_alc

[May 28 2020, 23:19:03][INFO]:: https://docs.google.com/spreadsheets/?usp=sheets_alc

[May 28 2020, 23:19:03][INFO]:: https://docs.google.com/presentation/?usp=slides_alc

[May 28 2020, 23:19:03][INFO]:: https://books.google.co.in/bkshp?hl=en&tab=wp

[May 28 2020, 23:19:03][INFO]:: https://www.blogger.com/?tab=wj

[May 28 2020, 23:19:03][INFO]:: https://hangouts.google.com/

[May 28 2020, 23:19:03][INFO]:: https://keep.google.com/

[May 28 2020, 23:19:03][INFO]:: https://jamboard.google.com/?usp=jam_ald

[May 28 2020, 23:19:03][INFO]:: https://www.google.co.in/save

[May 28 2020, 23:19:03][INFO]:: https://artsandculture.google.com/?hl=en

[May 28 2020, 23:19:03][INFO]:: 

[May 28 2020, 23:19:03][INFO]:: https://mail.google.com/mail/?tab=wm&ogbl~302

[May 28 2020, 23:19:04][INFO]:: https://www.google.co.in/imghp?hl=en&tab=wi&ogbl~200

[May 28 2020, 23:19:04][INFO]:: https://www.google.co.in/intl/en/about/products?tab=wh~301

[May 28 2020, 23:19:05][INFO]:: https://accounts.google.com/ServiceLogin?hl=en&passive=true&continue=https://www.google.com/~200

[May 28 2020, 23:19:05][INFO]:: https://www.google.com#~200

[May 28 2020, 23:19:06][INFO]:: https://www.google.com/setprefs?sig=0_XFpyfmV0-asfdm51s6fDuPNpY3U%3D&hl=hi&source=homepage&sa=X&ved=0ahUKEwjAu7-Nj9fpAhXvxjgGHXHvCi0Q2ZgBCA8~302

[May 28 2020, 23:19:07][INFO]:: https://www.google.com/setprefs?sig=0_XFpyfmV0-asfdm51s6fDuPNpY3U%3D&hl=bn&source=homepage&sa=X&ved=0ahUKEwjAu7-Nj9fpAhXvxjgGHXHvCi0Q2ZgBCBA~302

[May 28 2020, 23:19:07][INFO]:: https://www.google.com/setprefs?sig=0_XFpyfmV0-asfdm51s6fDuPNpY3U%3D&hl=te&source=homepage&sa=X&ved=0ahUKEwjAu7-Nj9fpAhXvxjgGHXHvCi0Q2ZgBCBE~302

[May 28 2020, 23:19:08][INFO]:: https://www.google.com/setprefs?sig=0_XFpyfmV0-asfdm51s6fDuPNpY3U%3D&hl=mr&source=homepage&sa=X&ved=0ahUKEwjAu7-Nj9fpAhXvxjgGHXHvCi0Q2ZgBCBI~302

[May 28 2020, 23:19:08][INFO]:: https://www.google.com/setprefs?sig=0_XFpyfmV0-asfdm51s6fDuPNpY3U%3D&hl=ta&source=homepage&sa=X&ved=0ahUKEwjAu7-Nj9fpAhXvxjgGHXHvCi0Q2ZgBCBM~302

[May 28 2020, 23:19:09][INFO]:: https://www.google.com/setprefs?sig=0_XFpyfmV0-asfdm51s6fDuPNpY3U%3D&hl=gu&source=homepage&sa=X&ved=0ahUKEwjAu7-Nj9fpAhXvxjgGHXHvCi0Q2ZgBCBQ~302

[May 28 2020, 23:19:09][INFO]:: https://www.google.com/setprefs?sig=0_XFpyfmV0-asfdm51s6fDuPNpY3U%3D&hl=kn&source=homepage&sa=X&ved=0ahUKEwjAu7-Nj9fpAhXvxjgGHXHvCi0Q2ZgBCBU~302

[May 28 2020, 23:19:10][INFO]:: https://www.google.com/setprefs?sig=0_XFpyfmV0-asfdm51s6fDuPNpY3U%3D&hl=ml&source=homepage&sa=X&ved=0ahUKEwjAu7-Nj9fpAhXvxjgGHXHvCi0Q2ZgBCBY~302

[May 28 2020, 23:19:11][INFO]:: https://www.google.com/setprefs?sig=0_XFpyfmV0-asfdm51s6fDuPNpY3U%3D&hl=pa&source=homepage&sa=X&ved=0ahUKEwjAu7-Nj9fpAhXvxjgGHXHvCi0Q2ZgBCBc~302

[May 28 2020, 23:19:12][INFO]:: https://policies.google.com/privacy?fg=1~200

[May 28 2020, 23:19:12][INFO]:: https://policies.google.com/terms?fg=1~200

[May 28 2020, 23:19:13][INFO]:: https://www.google.com/preferences?hl=en~200

[May 28 2020, 23:19:13][INFO]:: https://www.google.com/preferences?hl=en-IN&fg=1~200

[May 28 2020, 23:19:13][INFO]:: https://www.google.com/advanced_search?hl=en-IN&fg=1~200

[May 28 2020, 23:19:14][INFO]:: https://www.google.com/history/privacyadvisor/search/unauth?utm_source=googlemenu&fg=1~200

[May 28 2020, 23:19:15][INFO]:: https://www.google.com/history/optout?hl=en-IN&fg=1~302

[May 28 2020, 23:19:15][INFO]:: https://support.google.com/websearch/?p=ws_results_help&hl=en-IN&fg=1~301

[May 28 2020, 23:19:15][INFO]:: https://www.google.com/intl/en_in/ads/?subid=ww-ww-et-g-awa-a-g_hpafoot1_1!o2&utm_source=google.com&utm_medium=referral&utm_campaign=google_hpafooter&fg=1~301

[May 28 2020, 23:19:16][INFO]:: https://www.google.com/services/?subid=ww-ww-et-g-awa-a-g_hpbfoot1_1!o2&utm_source=google.com&utm_medium=referral&utm_campaign=google_hpbfooter&fg=1~200

[May 28 2020, 23:19:16][INFO]:: https://about.google/?utm_source=google-IN&utm_medium=referral&utm_campaign=hp-footer&fg=1~200

[May 28 2020, 23:19:16][INFO]:: https://google.com/search/howsearchworks/?fg=1~301

[May 28 2020, 23:19:17][INFO]:: https://www.google.com/webhp?output=search&tbm=isch&tbo=u&sa=X&ved=0ahUKEwivstyNj9fpAhUQwzgGHQ4xCWoQ0tQDCBAoAQ~200

[May 28 2020, 23:19:17][INFO]:: https://www.google.com/search?q=weather&hl=en&sa=X&ved=0ahUKEwivstyNj9fpAhUQwzgGHQ4xCWoQlf4BCBg~302

[May 28 2020, 23:19:18][INFO]:: https://www.google.com/search?q=sports&ibp=spo%3B&hl=en&sa=X&ved=0ahUKEwivstyNj9fpAhUQwzgGHQ4xCWoQlP4BCBk~302

[May 28 2020, 23:19:19][INFO]:: https://www.google.com/search?q=entertainment+news&stick=H4sIAAAAAAAAAOOQV-LQz9U3MMrKKlnEKpSaV5JaVJKYmZcLZCnkpZYXAwCE3GQ1IQAAAA&mlp=1&hl=en&sa=X&ved=0ahUKEwivstyNj9fpAhUQwzgGHQ4xCWoQkv4BCBo~302

[May 28 2020, 23:19:19][INFO]:: https://www.google.com/search?q=restaurants+near+me&ibp=gwp%3B0,6&hl=en&sa=X&ved=0ahUKEwivstyNj9fpAhUQwzgGHQ4xCWoQmYACCBs~302

[May 28 2020, 23:19:20][INFO]:: https://www.google.com/setprefs?sig=0_RzkFP50OJgLiTfBstrNieXdjEJI%3D&hl=hi&source=homepage&sa=X&ved=0ahUKEwivstyNj9fpAhUQwzgGHQ4xCWoQ2ZgBCB0~302

[May 28 2020, 23:19:21][INFO]:: https://www.google.com/setprefs?sig=0_RzkFP50OJgLiTfBstrNieXdjEJI%3D&hl=bn&source=homepage&sa=X&ved=0ahUKEwivstyNj9fpAhUQwzgGHQ4xCWoQ2ZgBCB4~302

[May 28 2020, 23:19:21][INFO]:: https://www.google.com/setprefs?sig=0_RzkFP50OJgLiTfBstrNieXdjEJI%3D&hl=te&source=homepage&sa=X&ved=0ahUKEwivstyNj9fpAhUQwzgGHQ4xCWoQ2ZgBCB8~302

[May 28 2020, 23:19:22][INFO]:: https://www.google.com/setprefs?sig=0_RzkFP50OJgLiTfBstrNieXdjEJI%3D&hl=mr&source=homepage&sa=X&ved=0ahUKEwivstyNj9fpAhUQwzgGHQ4xCWoQ2ZgBCCA~302

[May 28 2020, 23:19:22][INFO]:: https://www.google.com/setprefs?sig=0_RzkFP50OJgLiTfBstrNieXdjEJI%3D&hl=ta&source=homepage&sa=X&ved=0ahUKEwivstyNj9fpAhUQwzgGHQ4xCWoQ2ZgBCCE~302

[May 28 2020, 23:19:23][INFO]:: https://www.google.com/setprefs?sig=0_RzkFP50OJgLiTfBstrNieXdjEJI%3D&hl=gu&source=homepage&sa=X&ved=0ahUKEwivstyNj9fpAhUQwzgGHQ4xCWoQ2ZgBCCI~302

[May 28 2020, 23:19:24][INFO]:: https://www.google.com/setprefs?sig=0_RzkFP50OJgLiTfBstrNieXdjEJI%3D&hl=kn&source=homepage&sa=X&ved=0ahUKEwivstyNj9fpAhUQwzgGHQ4xCWoQ2ZgBCCM~302

[May 28 2020, 23:19:24][INFO]:: https://www.google.com/setprefs?sig=0_RzkFP50OJgLiTfBstrNieXdjEJI%3D&hl=ml&source=homepage&sa=X&ved=0ahUKEwivstyNj9fpAhUQwzgGHQ4xCWoQ2ZgBCCQ~302

[May 28 2020, 23:19:25][INFO]:: https://www.google.com/setprefs?sig=0_RzkFP50OJgLiTfBstrNieXdjEJI%3D&hl=pa&source=homepage&sa=X&ved=0ahUKEwivstyNj9fpAhUQwzgGHQ4xCWoQ2ZgBCCU~302

[May 28 2020, 23:19:25][INFO]:: https://myaccount.google.com/?utm_source=OGB&tab=wk&utm_medium=app~302

[May 28 2020, 23:19:25][INFO]:: https://www.google.co.in/webhp?tab=ww~200

[May 28 2020, 23:19:26][INFO]:: https://maps.google.co.in/maps?hl=en&tab=wl~302

[May 28 2020, 23:19:26][INFO]:: https://m.youtube.com/?client=mv-google&tab=w1~303

[May 28 2020, 23:19:26][INFO]:: https://play.google.com/?hl=en&tab=w8~302

[May 28 2020, 23:19:27][INFO]:: https://news.google.co.in/news?tab=wn~302

[May 28 2020, 23:19:27][INFO]:: https://mail.google.com/mail/x/ogb/gp/?tab=wm~302

[May 28 2020, 23:19:28][INFO]:: https://meet.google.com/?hs=197~302

[May 28 2020, 23:19:28][INFO]:: https://contacts.google.com/?hl=en&tab=wC~302

[May 28 2020, 23:19:29][INFO]:: https://drive.google.com/m?tab=wo#~302

[May 28 2020, 23:19:29][INFO]:: https://www.google.com/calendar/gpcal?tab=wc~301

[May 28 2020, 23:19:30][INFO]:: https://translate.google.co.in/?hl=en&tab=wT~200

[May 28 2020, 23:19:30][INFO]:: https://photos.google.com/?tab=wq&pageId=none~302

[May 28 2020, 23:19:31][INFO]:: https://duo.google.com/?usp=duo_ald~302

[May 28 2020, 23:19:32][INFO]:: https://www.google.com/chrome/?brand=CHZO&utm_source=google.com&utm_medium=desktop-app-launcher&utm_campaign=desktop-app-launcher&utm_content=chrome-logo&utm_keyword=CHZO~200

[May 28 2020, 23:19:32][INFO]:: https://www.google.co.in/shopping?hl=en&source=og&tab=wf~200

[May 28 2020, 23:19:33][INFO]:: https://docs.google.com/document/?usp=docs_alc~302

[May 28 2020, 23:19:33][INFO]:: https://docs.google.com/spreadsheets/?usp=sheets_alc~302

[May 28 2020, 23:19:34][INFO]:: https://docs.google.com/presentation/?usp=slides_alc~302

[May 28 2020, 23:19:34][INFO]:: https://books.google.co.in/bkshp?hl=en&tab=wp~200

[May 28 2020, 23:19:35][INFO]:: https://www.blogger.com/?tab=wj~302

[May 28 2020, 23:19:36][INFO]:: https://hangouts.google.com/~200

[May 28 2020, 23:19:36][INFO]:: https://keep.google.com/~302

[May 28 2020, 23:19:38][INFO]:: https://jamboard.google.com/?usp=jam_ald~302

[May 28 2020, 23:19:38][INFO]:: https://www.google.co.in/save~200

[May 28 2020, 23:19:39][INFO]:: https://artsandculture.google.com/?hl=en~200

[May 28 2020, 23:19:39][INFO]:: Total Execution Time : 0 minutes

[May 28 2020, 23:19:39][INFO]:: ************* Completed Test Execution *************
