
[Jun 24 2020, 14:47:50][INFO]:: ****Child links ****

[Jun 24 2020, 14:47:50][INFO]:: https://mail.google.com/mail/?tab=wm&ogbl

[Jun 24 2020, 14:47:50][INFO]:: https://www.google.co.in/imghp?hl=en&tab=wi&ogbl

[Jun 24 2020, 14:47:50][INFO]:: https://www.google.co.in/intl/en/about/products?tab=wh

[Jun 24 2020, 14:47:50][INFO]:: https://accounts.google.com/ServiceLogin?hl=en&passive=true&continue=https://www.google.com/

[Jun 24 2020, 14:47:50][INFO]:: https://www.google.com#

[Jun 24 2020, 14:47:50][INFO]:: https://www.google.com/url?q=https://myactivity.google.com/myactivity%3Frestrict%3Dwaa%26utm_source%3Dgoogle%26utm_medium%3Dhpp%26utm_campaign%3Dauto-delete-waa-june2020&source=hpp&id=19018401&ct=3&usg=AFQjCNHzo9Zq16QKY0dj1vzV_QDalAgziA&sa=X&ved=0ahUKEwj8nLuZj5rqAhWiyjgGHSPKCQYQ8IcBCA8

[Jun 24 2020, 14:47:50][INFO]:: https://www.google.com/setprefs?sig=0_agL0dABCmY2zVlTHgWylQ48ssi0%3D&hl=hi&source=homepage&sa=X&ved=0ahUKEwj8nLuZj5rqAhWiyjgGHSPKCQYQ2ZgBCBE

[Jun 24 2020, 14:47:50][INFO]:: https://www.google.com/setprefs?sig=0_agL0dABCmY2zVlTHgWylQ48ssi0%3D&hl=bn&source=homepage&sa=X&ved=0ahUKEwj8nLuZj5rqAhWiyjgGHSPKCQYQ2ZgBCBI

[Jun 24 2020, 14:47:50][INFO]:: https://www.google.com/setprefs?sig=0_agL0dABCmY2zVlTHgWylQ48ssi0%3D&hl=te&source=homepage&sa=X&ved=0ahUKEwj8nLuZj5rqAhWiyjgGHSPKCQYQ2ZgBCBM

[Jun 24 2020, 14:47:50][INFO]:: https://www.google.com/setprefs?sig=0_agL0dABCmY2zVlTHgWylQ48ssi0%3D&hl=mr&source=homepage&sa=X&ved=0ahUKEwj8nLuZj5rqAhWiyjgGHSPKCQYQ2ZgBCBQ

[Jun 24 2020, 14:47:50][INFO]:: https://www.google.com/setprefs?sig=0_agL0dABCmY2zVlTHgWylQ48ssi0%3D&hl=ta&source=homepage&sa=X&ved=0ahUKEwj8nLuZj5rqAhWiyjgGHSPKCQYQ2ZgBCBU

[Jun 24 2020, 14:47:50][INFO]:: https://www.google.com/setprefs?sig=0_agL0dABCmY2zVlTHgWylQ48ssi0%3D&hl=gu&source=homepage&sa=X&ved=0ahUKEwj8nLuZj5rqAhWiyjgGHSPKCQYQ2ZgBCBY

[Jun 24 2020, 14:47:50][INFO]:: https://www.google.com/setprefs?sig=0_agL0dABCmY2zVlTHgWylQ48ssi0%3D&hl=kn&source=homepage&sa=X&ved=0ahUKEwj8nLuZj5rqAhWiyjgGHSPKCQYQ2ZgBCBc

[Jun 24 2020, 14:47:50][INFO]:: https://www.google.com/setprefs?sig=0_agL0dABCmY2zVlTHgWylQ48ssi0%3D&hl=ml&source=homepage&sa=X&ved=0ahUKEwj8nLuZj5rqAhWiyjgGHSPKCQYQ2ZgBCBg

[Jun 24 2020, 14:47:50][INFO]:: https://www.google.com/setprefs?sig=0_agL0dABCmY2zVlTHgWylQ48ssi0%3D&hl=pa&source=homepage&sa=X&ved=0ahUKEwj8nLuZj5rqAhWiyjgGHSPKCQYQ2ZgBCBk

[Jun 24 2020, 14:47:50][INFO]:: https://policies.google.com/privacy?fg=1

[Jun 24 2020, 14:47:50][INFO]:: https://policies.google.com/terms?fg=1

[Jun 24 2020, 14:47:50][INFO]:: https://www.google.com/preferences?hl=en

[Jun 24 2020, 14:47:50][INFO]:: https://www.google.com/preferences?hl=en-IN&fg=1

[Jun 24 2020, 14:47:50][INFO]:: https://www.google.com/advanced_search?hl=en-IN&fg=1

[Jun 24 2020, 14:47:50][INFO]:: https://www.google.com/history/privacyadvisor/search/unauth?utm_source=googlemenu&fg=1

[Jun 24 2020, 14:47:50][INFO]:: https://www.google.com/history/optout?hl=en-IN&fg=1

[Jun 24 2020, 14:47:50][INFO]:: https://support.google.com/websearch/?p=ws_results_help&hl=en-IN&fg=1

[Jun 24 2020, 14:47:50][INFO]:: https://www.google.com/intl/en_in/ads/?subid=ww-ww-et-g-awa-a-g_hpafoot1_1!o2&utm_source=google.com&utm_medium=referral&utm_campaign=google_hpafooter&fg=1

[Jun 24 2020, 14:47:50][INFO]:: https://www.google.com/services/?subid=ww-ww-et-g-awa-a-g_hpbfoot1_1!o2&utm_source=google.com&utm_medium=referral&utm_campaign=google_hpbfooter&fg=1

[Jun 24 2020, 14:47:50][INFO]:: https://about.google/?utm_source=google-IN&utm_medium=referral&utm_campaign=hp-footer&fg=1

[Jun 24 2020, 14:47:50][INFO]:: https://google.com/search/howsearchworks/?fg=1

[Jun 24 2020, 14:47:50][INFO]:: https://www.google.com/webhp?output=search&tbm=isch&tbo=u&sa=X&ved=0ahUKEwjcjtuZj5rqAhXLzzgGHY29C1AQ0tQDCBAoAQ

[Jun 24 2020, 14:47:50][INFO]:: https://www.google.co.in/intl/en/about/products?tab=wh

[Jun 24 2020, 14:47:50][INFO]:: https://accounts.google.com/ServiceLogin?hl=en&passive=true&continue=https://www.google.com/

[Jun 24 2020, 14:47:50][INFO]:: https://www.google.com/search?q=weather&hl=en&sa=X&ved=0ahUKEwjcjtuZj5rqAhXLzzgGHY29C1AQlf4BCBg

[Jun 24 2020, 14:47:50][INFO]:: https://www.google.com/search?q=sports&ibp=spo%3B&hl=en&sa=X&ved=0ahUKEwjcjtuZj5rqAhXLzzgGHY29C1AQlP4BCBk

[Jun 24 2020, 14:47:50][INFO]:: https://www.google.com/search?q=what+to+watch&hl=en&sa=X&ved=0ahUKEwjcjtuZj5rqAhXLzzgGHY29C1AQt6wFCBo

[Jun 24 2020, 14:47:50][INFO]:: https://www.google.com/search?q=restaurants+near+me&ibp=gwp%3B0,6&hl=en&sa=X&ved=0ahUKEwjcjtuZj5rqAhXLzzgGHY29C1AQmYACCBs

[Jun 24 2020, 14:47:50][INFO]:: https://www.google.com/url?q=https://myactivity.google.com/myactivity%3Frestrict%3Dwaa%26utm_source%3Dgoogle%26utm_medium%3Dhpp%26utm_campaign%3Dauto-delete-waa-june2020&source=hpp&id=19018401&ct=3&usg=AFQjCNHzo9Zq16QKY0dj1vzV_QDalAgziA&sa=X&ved=0ahUKEwjcjtuZj5rqAhXLzzgGHY29C1AQ8IcBCB0

[Jun 24 2020, 14:47:50][INFO]:: https://www.google.com/setprefs?sig=0_wOrxCv5noOe5DCDwpUhDC-lI-qk%3D&hl=hi&source=homepage&sa=X&ved=0ahUKEwjcjtuZj5rqAhXLzzgGHY29C1AQ2ZgBCB8

[Jun 24 2020, 14:47:50][INFO]:: https://www.google.com/setprefs?sig=0_wOrxCv5noOe5DCDwpUhDC-lI-qk%3D&hl=bn&source=homepage&sa=X&ved=0ahUKEwjcjtuZj5rqAhXLzzgGHY29C1AQ2ZgBCCA

[Jun 24 2020, 14:47:50][INFO]:: https://www.google.com/setprefs?sig=0_wOrxCv5noOe5DCDwpUhDC-lI-qk%3D&hl=te&source=homepage&sa=X&ved=0ahUKEwjcjtuZj5rqAhXLzzgGHY29C1AQ2ZgBCCE

[Jun 24 2020, 14:47:50][INFO]:: https://www.google.com/setprefs?sig=0_wOrxCv5noOe5DCDwpUhDC-lI-qk%3D&hl=mr&source=homepage&sa=X&ved=0ahUKEwjcjtuZj5rqAhXLzzgGHY29C1AQ2ZgBCCI

[Jun 24 2020, 14:47:50][INFO]:: https://www.google.com/setprefs?sig=0_wOrxCv5noOe5DCDwpUhDC-lI-qk%3D&hl=ta&source=homepage&sa=X&ved=0ahUKEwjcjtuZj5rqAhXLzzgGHY29C1AQ2ZgBCCM

[Jun 24 2020, 14:47:50][INFO]:: https://www.google.com/setprefs?sig=0_wOrxCv5noOe5DCDwpUhDC-lI-qk%3D&hl=gu&source=homepage&sa=X&ved=0ahUKEwjcjtuZj5rqAhXLzzgGHY29C1AQ2ZgBCCQ

[Jun 24 2020, 14:47:50][INFO]:: https://www.google.com/setprefs?sig=0_wOrxCv5noOe5DCDwpUhDC-lI-qk%3D&hl=kn&source=homepage&sa=X&ved=0ahUKEwjcjtuZj5rqAhXLzzgGHY29C1AQ2ZgBCCU

[Jun 24 2020, 14:47:50][INFO]:: https://www.google.com/setprefs?sig=0_wOrxCv5noOe5DCDwpUhDC-lI-qk%3D&hl=ml&source=homepage&sa=X&ved=0ahUKEwjcjtuZj5rqAhXLzzgGHY29C1AQ2ZgBCCY

[Jun 24 2020, 14:47:50][INFO]:: https://www.google.com/setprefs?sig=0_wOrxCv5noOe5DCDwpUhDC-lI-qk%3D&hl=pa&source=homepage&sa=X&ved=0ahUKEwjcjtuZj5rqAhXLzzgGHY29C1AQ2ZgBCCc

[Jun 24 2020, 14:47:50][INFO]:: https://www.google.com#

[Jun 24 2020, 14:47:50][INFO]:: https://www.google.com/preferences?hl=en

[Jun 24 2020, 14:47:50][INFO]:: https://www.google.com/preferences?hl=en-IN&fg=1

[Jun 24 2020, 14:47:50][INFO]:: https://www.google.com/advanced_search?hl=en-IN&fg=1

[Jun 24 2020, 14:47:50][INFO]:: https://www.google.com/history/privacyadvisor/search/unauth?utm_source=googlemenu&fg=1

[Jun 24 2020, 14:47:50][INFO]:: https://www.google.com/history/optout?hl=en-IN&fg=1

[Jun 24 2020, 14:47:50][INFO]:: https://support.google.com/websearch/?p=ws_results_help&hl=en-IN&fg=1

[Jun 24 2020, 14:47:50][INFO]:: https://policies.google.com/privacy?fg=1

[Jun 24 2020, 14:47:50][INFO]:: https://policies.google.com/terms?fg=1

[Jun 24 2020, 14:47:50][INFO]:: https://www.google.com/intl/en_in/ads/?subid=ww-ww-et-g-awa-a-g_hpafoot1_1!o2&utm_source=google.com&utm_medium=referral&utm_campaign=google_hpafooter&fg=1

[Jun 24 2020, 14:47:50][INFO]:: https://www.google.com/services/?subid=ww-ww-et-g-awa-a-g_hpbfoot1_1!o2&utm_source=google.com&utm_medium=referral&utm_campaign=google_hpbfooter&fg=1

[Jun 24 2020, 14:47:50][INFO]:: https://about.google/?utm_source=google-IN&utm_medium=referral&utm_campaign=hp-footer&fg=1

[Jun 24 2020, 14:47:50][INFO]:: https://myaccount.google.com/?utm_source=OGB&tab=wk&utm_medium=app

[Jun 24 2020, 14:47:50][INFO]:: https://www.google.co.in/webhp?tab=ww

[Jun 24 2020, 14:47:50][INFO]:: https://maps.google.co.in/maps?hl=en&tab=wl

[Jun 24 2020, 14:47:50][INFO]:: https://m.youtube.com/?client=mv-google&tab=w1

[Jun 24 2020, 14:47:50][INFO]:: https://play.google.com/?hl=en&tab=w8

[Jun 24 2020, 14:47:50][INFO]:: https://news.google.co.in/news?tab=wn

[Jun 24 2020, 14:47:50][INFO]:: https://mail.google.com/mail/x/ogb/gp/?tab=wm

[Jun 24 2020, 14:47:50][INFO]:: https://meet.google.com/?hs=197

[Jun 24 2020, 14:47:50][INFO]:: https://contacts.google.com/?hl=en&tab=wC

[Jun 24 2020, 14:47:50][INFO]:: https://drive.google.com/m?tab=wo#

[Jun 24 2020, 14:47:50][INFO]:: https://www.google.com/calendar/gpcal?tab=wc

[Jun 24 2020, 14:47:50][INFO]:: https://translate.google.co.in/?hl=en&tab=wT

[Jun 24 2020, 14:47:50][INFO]:: https://photos.google.com/?tab=wq&pageId=none

[Jun 24 2020, 14:47:50][INFO]:: https://duo.google.com/?usp=duo_ald

[Jun 24 2020, 14:47:50][INFO]:: https://www.google.com/chrome/?brand=CHZO&utm_source=google.com&utm_medium=desktop-app-launcher&utm_campaign=desktop-app-launcher&utm_content=chrome-logo&utm_keyword=CHZO

[Jun 24 2020, 14:47:50][INFO]:: https://www.google.co.in/shopping?hl=en&source=og&tab=wf

[Jun 24 2020, 14:47:50][INFO]:: https://docs.google.com/document/?usp=docs_alc

[Jun 24 2020, 14:47:50][INFO]:: https://docs.google.com/spreadsheets/?usp=sheets_alc

[Jun 24 2020, 14:47:50][INFO]:: https://docs.google.com/presentation/?usp=slides_alc

[Jun 24 2020, 14:47:50][INFO]:: https://books.google.co.in/bkshp?hl=en&tab=wp

[Jun 24 2020, 14:47:50][INFO]:: https://www.blogger.com/?tab=wj

[Jun 24 2020, 14:47:50][INFO]:: https://hangouts.google.com/

[Jun 24 2020, 14:47:50][INFO]:: https://keep.google.com/

[Jun 24 2020, 14:47:50][INFO]:: https://jamboard.google.com/?usp=jam_ald

[Jun 24 2020, 14:47:50][INFO]:: https://www.google.co.in/save

[Jun 24 2020, 14:47:50][INFO]:: https://artsandculture.google.com/?hl=en

[Jun 24 2020, 14:47:51][INFO]:: ************* Completed Test Execution *************

[Jun 24 2020, 14:47:51][INFO]:: https://mail.google.com/mail/?tab=wm&ogbl~302

[Jun 24 2020, 14:47:51][INFO]:: https://www.google.co.in/imghp?hl=en&tab=wi&ogbl~200

[Jun 24 2020, 14:47:51][INFO]:: https://www.google.co.in/intl/en/about/products?tab=wh~301

[Jun 24 2020, 14:47:52][INFO]:: https://accounts.google.com/ServiceLogin?hl=en&passive=true&continue=https://www.google.com/~200

[Jun 24 2020, 14:47:52][INFO]:: https://www.google.com#~200

[Jun 24 2020, 14:47:52][INFO]:: https://www.google.com/url?q=https://myactivity.google.com/myactivity%3Frestrict%3Dwaa%26utm_source%3Dgoogle%26utm_medium%3Dhpp%26utm_campaign%3Dauto-delete-waa-june2020&source=hpp&id=19018401&ct=3&usg=AFQjCNHzo9Zq16QKY0dj1vzV_QDalAgziA&sa=X&ved=0ahUKEwj8nLuZj5rqAhWiyjgGHSPKCQYQ8IcBCA8~302

[Jun 24 2020, 14:47:53][INFO]:: https://www.google.com/setprefs?sig=0_agL0dABCmY2zVlTHgWylQ48ssi0%3D&hl=hi&source=homepage&sa=X&ved=0ahUKEwj8nLuZj5rqAhWiyjgGHSPKCQYQ2ZgBCBE~302

[Jun 24 2020, 14:47:54][INFO]:: https://www.google.com/setprefs?sig=0_agL0dABCmY2zVlTHgWylQ48ssi0%3D&hl=bn&source=homepage&sa=X&ved=0ahUKEwj8nLuZj5rqAhWiyjgGHSPKCQYQ2ZgBCBI~302

[Jun 24 2020, 14:47:55][INFO]:: https://www.google.com/setprefs?sig=0_agL0dABCmY2zVlTHgWylQ48ssi0%3D&hl=te&source=homepage&sa=X&ved=0ahUKEwj8nLuZj5rqAhWiyjgGHSPKCQYQ2ZgBCBM~302

[Jun 24 2020, 14:47:56][INFO]:: https://www.google.com/setprefs?sig=0_agL0dABCmY2zVlTHgWylQ48ssi0%3D&hl=mr&source=homepage&sa=X&ved=0ahUKEwj8nLuZj5rqAhWiyjgGHSPKCQYQ2ZgBCBQ~302

[Jun 24 2020, 14:47:57][INFO]:: https://www.google.com/setprefs?sig=0_agL0dABCmY2zVlTHgWylQ48ssi0%3D&hl=ta&source=homepage&sa=X&ved=0ahUKEwj8nLuZj5rqAhWiyjgGHSPKCQYQ2ZgBCBU~302

[Jun 24 2020, 14:47:58][INFO]:: https://www.google.com/setprefs?sig=0_agL0dABCmY2zVlTHgWylQ48ssi0%3D&hl=gu&source=homepage&sa=X&ved=0ahUKEwj8nLuZj5rqAhWiyjgGHSPKCQYQ2ZgBCBY~302

[Jun 24 2020, 14:47:59][INFO]:: https://www.google.com/setprefs?sig=0_agL0dABCmY2zVlTHgWylQ48ssi0%3D&hl=kn&source=homepage&sa=X&ved=0ahUKEwj8nLuZj5rqAhWiyjgGHSPKCQYQ2ZgBCBc~302

[Jun 24 2020, 14:48:00][INFO]:: https://www.google.com/setprefs?sig=0_agL0dABCmY2zVlTHgWylQ48ssi0%3D&hl=ml&source=homepage&sa=X&ved=0ahUKEwj8nLuZj5rqAhWiyjgGHSPKCQYQ2ZgBCBg~302

[Jun 24 2020, 14:48:01][INFO]:: https://www.google.com/setprefs?sig=0_agL0dABCmY2zVlTHgWylQ48ssi0%3D&hl=pa&source=homepage&sa=X&ved=0ahUKEwj8nLuZj5rqAhWiyjgGHSPKCQYQ2ZgBCBk~302

[Jun 24 2020, 14:48:03][INFO]:: Total Execution Time : 0 minutes

[Jun 24 2020, 14:48:03][INFO]:: ************* Completed Test Execution *************

[Jun 24 2020, 14:48:04][INFO]:: https://policies.google.com/privacy?fg=1~200

[Jun 24 2020, 14:48:04][INFO]:: https://policies.google.com/terms?fg=1~200

[Jun 24 2020, 14:48:04][INFO]:: https://www.google.com/preferences?hl=en~200

[Jun 24 2020, 14:48:04][INFO]:: https://www.google.com/preferences?hl=en-IN&fg=1~200

[Jun 24 2020, 14:48:05][INFO]:: https://www.google.com/advanced_search?hl=en-IN&fg=1~200

[Jun 24 2020, 14:48:05][INFO]:: https://www.google.com/history/privacyadvisor/search/unauth?utm_source=googlemenu&fg=1~200

[Jun 24 2020, 14:48:05][INFO]:: https://www.google.com/history/optout?hl=en-IN&fg=1~302

[Jun 24 2020, 14:48:06][INFO]:: ************* Completed Test Execution *************

[Jun 24 2020, 14:48:08][INFO]:: https://support.google.com/websearch/?p=ws_results_help&hl=en-IN&fg=1~301

[Jun 24 2020, 14:48:08][INFO]:: https://www.google.com/intl/en_in/ads/?subid=ww-ww-et-g-awa-a-g_hpafoot1_1!o2&utm_source=google.com&utm_medium=referral&utm_campaign=google_hpafooter&fg=1~301

[Jun 24 2020, 14:48:08][INFO]:: https://www.google.com/services/?subid=ww-ww-et-g-awa-a-g_hpbfoot1_1!o2&utm_source=google.com&utm_medium=referral&utm_campaign=google_hpbfooter&fg=1~200

[Jun 24 2020, 14:48:09][INFO]:: https://about.google/?utm_source=google-IN&utm_medium=referral&utm_campaign=hp-footer&fg=1~200

[Jun 24 2020, 14:48:09][INFO]:: https://google.com/search/howsearchworks/?fg=1~301

[Jun 24 2020, 14:48:09][INFO]:: https://www.google.com/webhp?output=search&tbm=isch&tbo=u&sa=X&ved=0ahUKEwjcjtuZj5rqAhXLzzgGHY29C1AQ0tQDCBAoAQ~200

[Jun 24 2020, 14:48:10][INFO]:: https://www.google.com/search?q=weather&hl=en&sa=X&ved=0ahUKEwjcjtuZj5rqAhXLzzgGHY29C1AQlf4BCBg~302

[Jun 24 2020, 14:48:11][INFO]:: https://www.google.com/search?q=sports&ibp=spo%3B&hl=en&sa=X&ved=0ahUKEwjcjtuZj5rqAhXLzzgGHY29C1AQlP4BCBk~302

[Jun 24 2020, 14:48:12][INFO]:: https://www.google.com/search?q=what+to+watch&hl=en&sa=X&ved=0ahUKEwjcjtuZj5rqAhXLzzgGHY29C1AQt6wFCBo~302

[Jun 24 2020, 14:48:13][INFO]:: https://www.google.com/search?q=restaurants+near+me&ibp=gwp%3B0,6&hl=en&sa=X&ved=0ahUKEwjcjtuZj5rqAhXLzzgGHY29C1AQmYACCBs~302

[Jun 24 2020, 14:48:14][INFO]:: https://www.google.com/url?q=https://myactivity.google.com/myactivity%3Frestrict%3Dwaa%26utm_source%3Dgoogle%26utm_medium%3Dhpp%26utm_campaign%3Dauto-delete-waa-june2020&source=hpp&id=19018401&ct=3&usg=AFQjCNHzo9Zq16QKY0dj1vzV_QDalAgziA&sa=X&ved=0ahUKEwjcjtuZj5rqAhXLzzgGHY29C1AQ8IcBCB0~302

[Jun 24 2020, 14:48:15][INFO]:: https://www.google.com/setprefs?sig=0_wOrxCv5noOe5DCDwpUhDC-lI-qk%3D&hl=hi&source=homepage&sa=X&ved=0ahUKEwjcjtuZj5rqAhXLzzgGHY29C1AQ2ZgBCB8~302

[Jun 24 2020, 14:48:16][INFO]:: https://www.google.com/setprefs?sig=0_wOrxCv5noOe5DCDwpUhDC-lI-qk%3D&hl=bn&source=homepage&sa=X&ved=0ahUKEwjcjtuZj5rqAhXLzzgGHY29C1AQ2ZgBCCA~302

[Jun 24 2020, 14:48:16][INFO]:: https://www.google.com/setprefs?sig=0_wOrxCv5noOe5DCDwpUhDC-lI-qk%3D&hl=te&source=homepage&sa=X&ved=0ahUKEwjcjtuZj5rqAhXLzzgGHY29C1AQ2ZgBCCE~302

[Jun 24 2020, 14:48:17][INFO]:: https://www.google.com/setprefs?sig=0_wOrxCv5noOe5DCDwpUhDC-lI-qk%3D&hl=mr&source=homepage&sa=X&ved=0ahUKEwjcjtuZj5rqAhXLzzgGHY29C1AQ2ZgBCCI~302

[Jun 24 2020, 14:48:18][INFO]:: https://www.google.com/setprefs?sig=0_wOrxCv5noOe5DCDwpUhDC-lI-qk%3D&hl=ta&source=homepage&sa=X&ved=0ahUKEwjcjtuZj5rqAhXLzzgGHY29C1AQ2ZgBCCM~302

[Jun 24 2020, 14:48:19][INFO]:: https://www.google.com/setprefs?sig=0_wOrxCv5noOe5DCDwpUhDC-lI-qk%3D&hl=gu&source=homepage&sa=X&ved=0ahUKEwjcjtuZj5rqAhXLzzgGHY29C1AQ2ZgBCCQ~302

[Jun 24 2020, 14:48:20][INFO]:: https://www.google.com/setprefs?sig=0_wOrxCv5noOe5DCDwpUhDC-lI-qk%3D&hl=kn&source=homepage&sa=X&ved=0ahUKEwjcjtuZj5rqAhXLzzgGHY29C1AQ2ZgBCCU~302

[Jun 24 2020, 14:48:21][INFO]:: https://www.google.com/setprefs?sig=0_wOrxCv5noOe5DCDwpUhDC-lI-qk%3D&hl=ml&source=homepage&sa=X&ved=0ahUKEwjcjtuZj5rqAhXLzzgGHY29C1AQ2ZgBCCY~302

[Jun 24 2020, 14:48:22][INFO]:: https://www.google.com/setprefs?sig=0_wOrxCv5noOe5DCDwpUhDC-lI-qk%3D&hl=pa&source=homepage&sa=X&ved=0ahUKEwjcjtuZj5rqAhXLzzgGHY29C1AQ2ZgBCCc~302

[Jun 24 2020, 14:48:24][INFO]:: https://myaccount.google.com/?utm_source=OGB&tab=wk&utm_medium=app~302

[Jun 24 2020, 14:48:24][INFO]:: https://www.google.co.in/webhp?tab=ww~200

[Jun 24 2020, 14:48:27][INFO]:: https://maps.google.co.in/maps?hl=en&tab=wl~302

[Jun 24 2020, 14:48:27][INFO]:: https://m.youtube.com/?client=mv-google&tab=w1~303

[Jun 24 2020, 14:48:28][INFO]:: https://play.google.com/?hl=en&tab=w8~302

[Jun 24 2020, 14:48:28][INFO]:: https://news.google.co.in/news?tab=wn~302

[Jun 24 2020, 14:48:28][INFO]:: https://mail.google.com/mail/x/ogb/gp/?tab=wm~302

[Jun 24 2020, 14:48:31][INFO]:: https://meet.google.com/?hs=197~302

[Jun 24 2020, 14:48:31][INFO]:: https://contacts.google.com/?hl=en&tab=wC~302

[Jun 24 2020, 14:48:32][INFO]:: https://drive.google.com/m?tab=wo#~302

[Jun 24 2020, 14:48:33][INFO]:: https://www.google.com/calendar/gpcal?tab=wc~301

[Jun 24 2020, 14:48:33][INFO]:: https://translate.google.co.in/?hl=en&tab=wT~200

[Jun 24 2020, 14:48:36][INFO]:: https://photos.google.com/?tab=wq&pageId=none~302

[Jun 24 2020, 14:48:36][INFO]:: https://duo.google.com/?usp=duo_ald~302

[Jun 24 2020, 14:48:37][INFO]:: https://www.google.com/chrome/?brand=CHZO&utm_source=google.com&utm_medium=desktop-app-launcher&utm_campaign=desktop-app-launcher&utm_content=chrome-logo&utm_keyword=CHZO~200

[Jun 24 2020, 14:48:37][INFO]:: https://www.google.co.in/shopping?hl=en&source=og&tab=wf~200

[Jun 24 2020, 14:48:37][INFO]:: https://docs.google.com/document/?usp=docs_alc~302

[Jun 24 2020, 14:48:38][INFO]:: https://docs.google.com/spreadsheets/?usp=sheets_alc~302

[Jun 24 2020, 14:48:38][INFO]:: https://docs.google.com/presentation/?usp=slides_alc~302

[Jun 24 2020, 14:48:39][INFO]:: https://books.google.co.in/bkshp?hl=en&tab=wp~200

[Jun 24 2020, 14:48:43][INFO]:: https://www.blogger.com/?tab=wj~302

[Jun 24 2020, 14:48:43][INFO]:: https://hangouts.google.com/~200

[Jun 24 2020, 14:48:44][INFO]:: https://keep.google.com/~302

[Jun 24 2020, 14:48:46][INFO]:: https://jamboard.google.com/?usp=jam_ald~302

[Jun 24 2020, 14:48:47][INFO]:: https://www.google.co.in/save~200

[Jun 24 2020, 14:48:47][INFO]:: https://artsandculture.google.com/?hl=en~200

[Jun 24 2020, 14:48:47][INFO]:: Total Execution Time : 0 minutes

[Jun 24 2020, 14:48:47][INFO]:: ************* Completed Test Execution *************
