
[May 26 2020, 11:30:45][INFO]:: ****Child links ****

[May 26 2020, 11:30:45][INFO]:: https://mail.google.com/mail/?tab=wm&ogbl

[May 26 2020, 11:30:45][INFO]:: https://www.google.co.in/imghp?hl=en&tab=wi&ogbl

[May 26 2020, 11:30:45][INFO]:: https://www.google.co.in/intl/en/about/products?tab=wh

[May 26 2020, 11:30:45][INFO]:: https://accounts.google.com/ServiceLogin?hl=en&passive=true&continue=https://www.google.com/

[May 26 2020, 11:30:45][INFO]:: https://www.google.com#

[May 26 2020, 11:30:45][INFO]:: https://www.google.com/setprefs?sig=0_TN76FkkvcNPScEFN7x2KrjJIcHo%3D&hl=hi&source=homepage&sa=X&ved=0ahUKEwi4rdiH7dDpAhX_yzgGHcdyD6YQ2ZgBCA8

[May 26 2020, 11:30:45][INFO]:: https://www.google.com/setprefs?sig=0_TN76FkkvcNPScEFN7x2KrjJIcHo%3D&hl=bn&source=homepage&sa=X&ved=0ahUKEwi4rdiH7dDpAhX_yzgGHcdyD6YQ2ZgBCBA

[May 26 2020, 11:30:45][INFO]:: https://www.google.com/setprefs?sig=0_TN76FkkvcNPScEFN7x2KrjJIcHo%3D&hl=te&source=homepage&sa=X&ved=0ahUKEwi4rdiH7dDpAhX_yzgGHcdyD6YQ2ZgBCBE

[May 26 2020, 11:30:45][INFO]:: https://www.google.com/setprefs?sig=0_TN76FkkvcNPScEFN7x2KrjJIcHo%3D&hl=mr&source=homepage&sa=X&ved=0ahUKEwi4rdiH7dDpAhX_yzgGHcdyD6YQ2ZgBCBI

[May 26 2020, 11:30:45][INFO]:: https://www.google.com/setprefs?sig=0_TN76FkkvcNPScEFN7x2KrjJIcHo%3D&hl=ta&source=homepage&sa=X&ved=0ahUKEwi4rdiH7dDpAhX_yzgGHcdyD6YQ2ZgBCBM

[May 26 2020, 11:30:45][INFO]:: https://www.google.com/setprefs?sig=0_TN76FkkvcNPScEFN7x2KrjJIcHo%3D&hl=gu&source=homepage&sa=X&ved=0ahUKEwi4rdiH7dDpAhX_yzgGHcdyD6YQ2ZgBCBQ

[May 26 2020, 11:30:45][INFO]:: https://www.google.com/setprefs?sig=0_TN76FkkvcNPScEFN7x2KrjJIcHo%3D&hl=kn&source=homepage&sa=X&ved=0ahUKEwi4rdiH7dDpAhX_yzgGHcdyD6YQ2ZgBCBU

[May 26 2020, 11:30:45][INFO]:: https://www.google.com/setprefs?sig=0_TN76FkkvcNPScEFN7x2KrjJIcHo%3D&hl=ml&source=homepage&sa=X&ved=0ahUKEwi4rdiH7dDpAhX_yzgGHcdyD6YQ2ZgBCBY

[May 26 2020, 11:30:45][INFO]:: https://www.google.com/setprefs?sig=0_TN76FkkvcNPScEFN7x2KrjJIcHo%3D&hl=pa&source=homepage&sa=X&ved=0ahUKEwi4rdiH7dDpAhX_yzgGHcdyD6YQ2ZgBCBc

[May 26 2020, 11:30:45][INFO]:: https://policies.google.com/privacy?fg=1

[May 26 2020, 11:30:45][INFO]:: https://policies.google.com/terms?fg=1

[May 26 2020, 11:30:45][INFO]:: https://www.google.com/preferences?hl=en

[May 26 2020, 11:30:45][INFO]:: https://www.google.com/preferences?hl=en-IN&fg=1

[May 26 2020, 11:30:45][INFO]:: https://www.google.com/advanced_search?hl=en-IN&fg=1

[May 26 2020, 11:30:45][INFO]:: https://www.google.com/history/privacyadvisor/search/unauth?utm_source=googlemenu&fg=1

[May 26 2020, 11:30:45][INFO]:: https://www.google.com/history/optout?hl=en-IN&fg=1

[May 26 2020, 11:30:45][INFO]:: https://support.google.com/websearch/?p=ws_results_help&hl=en-IN&fg=1

[May 26 2020, 11:30:45][INFO]:: https://www.google.com/intl/en_in/ads/?subid=ww-ww-et-g-awa-a-g_hpafoot1_1!o2&utm_source=google.com&utm_medium=referral&utm_campaign=google_hpafooter&fg=1

[May 26 2020, 11:30:45][INFO]:: https://www.google.com/services/?subid=ww-ww-et-g-awa-a-g_hpbfoot1_1!o2&utm_source=google.com&utm_medium=referral&utm_campaign=google_hpbfooter&fg=1

[May 26 2020, 11:30:45][INFO]:: https://about.google/?utm_source=google-IN&utm_medium=referral&utm_campaign=hp-footer&fg=1

[May 26 2020, 11:30:45][INFO]:: https://google.com/search/howsearchworks/?fg=1

[May 26 2020, 11:30:45][INFO]:: https://www.google.com/webhp?output=search&tbm=isch&tbo=u&sa=X&ved=0ahUKEwinyvCH7dDpAhXaxzgGHQeKCFUQ0tQDCBAoAQ

[May 26 2020, 11:30:45][INFO]:: https://www.google.co.in/intl/en/about/products?tab=wh

[May 26 2020, 11:30:45][INFO]:: https://accounts.google.com/ServiceLogin?hl=en&passive=true&continue=https://www.google.com/

[May 26 2020, 11:30:45][INFO]:: https://www.google.com/search?q=weather&hl=en&sa=X&ved=0ahUKEwinyvCH7dDpAhXaxzgGHQeKCFUQlf4BCBg

[May 26 2020, 11:30:45][INFO]:: https://www.google.com/search?q=sports&ibp=spo%3B&hl=en&sa=X&ved=0ahUKEwinyvCH7dDpAhXaxzgGHQeKCFUQlP4BCBk

[May 26 2020, 11:30:45][INFO]:: https://www.google.com/search?q=entertainment+news&stick=H4sIAAAAAAAAAOOQV-LQz9U3MMrKKlnEKpSaV5JaVJKYmZcLZCnkpZYXAwCE3GQ1IQAAAA&mlp=1&hl=en&sa=X&ved=0ahUKEwinyvCH7dDpAhXaxzgGHQeKCFUQkv4BCBo

[May 26 2020, 11:30:45][INFO]:: https://www.google.com/search?q=restaurants+near+me&ibp=gwp%3B0,6&hl=en&sa=X&ved=0ahUKEwinyvCH7dDpAhXaxzgGHQeKCFUQmYACCBs

[May 26 2020, 11:30:45][INFO]:: https://www.google.com/setprefs?sig=0_7k4p-c47LtcvgKjCdqM8D4c3vCk%3D&hl=hi&source=homepage&sa=X&ved=0ahUKEwinyvCH7dDpAhXaxzgGHQeKCFUQ2ZgBCB0

[May 26 2020, 11:30:45][INFO]:: https://www.google.com/setprefs?sig=0_7k4p-c47LtcvgKjCdqM8D4c3vCk%3D&hl=bn&source=homepage&sa=X&ved=0ahUKEwinyvCH7dDpAhXaxzgGHQeKCFUQ2ZgBCB4

[May 26 2020, 11:30:45][INFO]:: https://www.google.com/setprefs?sig=0_7k4p-c47LtcvgKjCdqM8D4c3vCk%3D&hl=te&source=homepage&sa=X&ved=0ahUKEwinyvCH7dDpAhXaxzgGHQeKCFUQ2ZgBCB8

[May 26 2020, 11:30:45][INFO]:: https://www.google.com/setprefs?sig=0_7k4p-c47LtcvgKjCdqM8D4c3vCk%3D&hl=mr&source=homepage&sa=X&ved=0ahUKEwinyvCH7dDpAhXaxzgGHQeKCFUQ2ZgBCCA

[May 26 2020, 11:30:45][INFO]:: https://www.google.com/setprefs?sig=0_7k4p-c47LtcvgKjCdqM8D4c3vCk%3D&hl=ta&source=homepage&sa=X&ved=0ahUKEwinyvCH7dDpAhXaxzgGHQeKCFUQ2ZgBCCE

[May 26 2020, 11:30:45][INFO]:: https://www.google.com/setprefs?sig=0_7k4p-c47LtcvgKjCdqM8D4c3vCk%3D&hl=gu&source=homepage&sa=X&ved=0ahUKEwinyvCH7dDpAhXaxzgGHQeKCFUQ2ZgBCCI

[May 26 2020, 11:30:45][INFO]:: https://www.google.com/setprefs?sig=0_7k4p-c47LtcvgKjCdqM8D4c3vCk%3D&hl=kn&source=homepage&sa=X&ved=0ahUKEwinyvCH7dDpAhXaxzgGHQeKCFUQ2ZgBCCM

[May 26 2020, 11:30:45][INFO]:: https://www.google.com/setprefs?sig=0_7k4p-c47LtcvgKjCdqM8D4c3vCk%3D&hl=ml&source=homepage&sa=X&ved=0ahUKEwinyvCH7dDpAhXaxzgGHQeKCFUQ2ZgBCCQ

[May 26 2020, 11:30:45][INFO]:: https://www.google.com/setprefs?sig=0_7k4p-c47LtcvgKjCdqM8D4c3vCk%3D&hl=pa&source=homepage&sa=X&ved=0ahUKEwinyvCH7dDpAhXaxzgGHQeKCFUQ2ZgBCCU

[May 26 2020, 11:30:45][INFO]:: https://www.google.com#

[May 26 2020, 11:30:45][INFO]:: https://www.google.com/preferences?hl=en

[May 26 2020, 11:30:45][INFO]:: https://www.google.com/preferences?hl=en-IN&fg=1

[May 26 2020, 11:30:45][INFO]:: https://www.google.com/advanced_search?hl=en-IN&fg=1

[May 26 2020, 11:30:45][INFO]:: https://www.google.com/history/privacyadvisor/search/unauth?utm_source=googlemenu&fg=1

[May 26 2020, 11:30:45][INFO]:: https://www.google.com/history/optout?hl=en-IN&fg=1

[May 26 2020, 11:30:45][INFO]:: https://support.google.com/websearch/?p=ws_results_help&hl=en-IN&fg=1

[May 26 2020, 11:30:45][INFO]:: https://policies.google.com/privacy?fg=1

[May 26 2020, 11:30:45][INFO]:: https://policies.google.com/terms?fg=1

[May 26 2020, 11:30:45][INFO]:: https://www.google.com/intl/en_in/ads/?subid=ww-ww-et-g-awa-a-g_hpafoot1_1!o2&utm_source=google.com&utm_medium=referral&utm_campaign=google_hpafooter&fg=1

[May 26 2020, 11:30:45][INFO]:: https://www.google.com/services/?subid=ww-ww-et-g-awa-a-g_hpbfoot1_1!o2&utm_source=google.com&utm_medium=referral&utm_campaign=google_hpbfooter&fg=1

[May 26 2020, 11:30:45][INFO]:: https://about.google/?utm_source=google-IN&utm_medium=referral&utm_campaign=hp-footer&fg=1

[May 26 2020, 11:30:45][INFO]:: https://myaccount.google.com/?utm_source=OGB&tab=wk&utm_medium=app

[May 26 2020, 11:30:45][INFO]:: https://www.google.co.in/webhp?tab=ww

[May 26 2020, 11:30:45][INFO]:: https://maps.google.co.in/maps?hl=en&tab=wl

[May 26 2020, 11:30:45][INFO]:: https://m.youtube.com/?client=mv-google&tab=w1

[May 26 2020, 11:30:45][INFO]:: https://play.google.com/?hl=en&tab=w8

[May 26 2020, 11:30:45][INFO]:: https://news.google.co.in/news?tab=wn

[May 26 2020, 11:30:45][INFO]:: https://mail.google.com/mail/x/ogb/gp/?tab=wm

[May 26 2020, 11:30:45][INFO]:: https://meet.google.com/?hs=197

[May 26 2020, 11:30:45][INFO]:: https://contacts.google.com/?hl=en&tab=wC

[May 26 2020, 11:30:45][INFO]:: https://drive.google.com/m?tab=wo#

[May 26 2020, 11:30:45][INFO]:: https://www.google.com/calendar/gpcal?tab=wc

[May 26 2020, 11:30:45][INFO]:: https://translate.google.co.in/?hl=en&tab=wT

[May 26 2020, 11:30:45][INFO]:: https://photos.google.com/?tab=wq&pageId=none

[May 26 2020, 11:30:45][INFO]:: https://duo.google.com/?usp=duo_ald

[May 26 2020, 11:30:45][INFO]:: https://www.google.com/chrome/?brand=CHZO&utm_source=google.com&utm_medium=desktop-app-launcher&utm_campaign=desktop-app-launcher&utm_content=chrome-logo&utm_keyword=CHZO

[May 26 2020, 11:30:45][INFO]:: https://www.google.co.in/shopping?hl=en&source=og&tab=wf

[May 26 2020, 11:30:45][INFO]:: https://docs.google.com/document/?usp=docs_alc

[May 26 2020, 11:30:45][INFO]:: https://docs.google.com/spreadsheets/?usp=sheets_alc

[May 26 2020, 11:30:45][INFO]:: https://docs.google.com/presentation/?usp=slides_alc

[May 26 2020, 11:30:45][INFO]:: https://books.google.co.in/bkshp?hl=en&tab=wp

[May 26 2020, 11:30:45][INFO]:: https://www.blogger.com/?tab=wj

[May 26 2020, 11:30:45][INFO]:: https://hangouts.google.com/

[May 26 2020, 11:30:45][INFO]:: https://keep.google.com/

[May 26 2020, 11:30:45][INFO]:: https://jamboard.google.com/?usp=jam_ald

[May 26 2020, 11:30:45][INFO]:: https://www.google.co.in/save

[May 26 2020, 11:30:45][INFO]:: https://artsandculture.google.com/?hl=en

[May 26 2020, 11:30:45][INFO]:: 

[May 26 2020, 11:30:46][INFO]:: ************* Completed Test Execution *************

[May 26 2020, 11:30:46][INFO]:: https://mail.google.com/mail/?tab=wm&ogbl~302

[May 26 2020, 11:30:46][INFO]:: https://www.google.co.in/imghp?hl=en&tab=wi&ogbl~200

[May 26 2020, 11:30:46][INFO]:: https://www.google.co.in/intl/en/about/products?tab=wh~301

[May 26 2020, 11:30:47][INFO]:: https://accounts.google.com/ServiceLogin?hl=en&passive=true&continue=https://www.google.com/~200

[May 26 2020, 11:30:47][INFO]:: https://www.google.com#~200

[May 26 2020, 11:30:48][INFO]:: https://www.google.com/setprefs?sig=0_TN76FkkvcNPScEFN7x2KrjJIcHo%3D&hl=hi&source=homepage&sa=X&ved=0ahUKEwi4rdiH7dDpAhX_yzgGHcdyD6YQ2ZgBCA8~302

[May 26 2020, 11:30:48][INFO]:: https://www.google.com/setprefs?sig=0_TN76FkkvcNPScEFN7x2KrjJIcHo%3D&hl=bn&source=homepage&sa=X&ved=0ahUKEwi4rdiH7dDpAhX_yzgGHcdyD6YQ2ZgBCBA~302

[May 26 2020, 11:30:49][INFO]:: https://www.google.com/setprefs?sig=0_TN76FkkvcNPScEFN7x2KrjJIcHo%3D&hl=te&source=homepage&sa=X&ved=0ahUKEwi4rdiH7dDpAhX_yzgGHcdyD6YQ2ZgBCBE~302

[May 26 2020, 11:30:49][INFO]:: https://www.google.com/setprefs?sig=0_TN76FkkvcNPScEFN7x2KrjJIcHo%3D&hl=mr&source=homepage&sa=X&ved=0ahUKEwi4rdiH7dDpAhX_yzgGHcdyD6YQ2ZgBCBI~302

[May 26 2020, 11:30:49][INFO]:: https://www.google.com/setprefs?sig=0_TN76FkkvcNPScEFN7x2KrjJIcHo%3D&hl=ta&source=homepage&sa=X&ved=0ahUKEwi4rdiH7dDpAhX_yzgGHcdyD6YQ2ZgBCBM~302

[May 26 2020, 11:30:50][INFO]:: https://www.google.com/setprefs?sig=0_TN76FkkvcNPScEFN7x2KrjJIcHo%3D&hl=gu&source=homepage&sa=X&ved=0ahUKEwi4rdiH7dDpAhX_yzgGHcdyD6YQ2ZgBCBQ~302

[May 26 2020, 11:30:50][INFO]:: https://www.google.com/setprefs?sig=0_TN76FkkvcNPScEFN7x2KrjJIcHo%3D&hl=kn&source=homepage&sa=X&ved=0ahUKEwi4rdiH7dDpAhX_yzgGHcdyD6YQ2ZgBCBU~302

[May 26 2020, 11:30:51][INFO]:: https://www.google.com/setprefs?sig=0_TN76FkkvcNPScEFN7x2KrjJIcHo%3D&hl=ml&source=homepage&sa=X&ved=0ahUKEwi4rdiH7dDpAhX_yzgGHcdyD6YQ2ZgBCBY~302

[May 26 2020, 11:30:52][INFO]:: https://www.google.com/setprefs?sig=0_TN76FkkvcNPScEFN7x2KrjJIcHo%3D&hl=pa&source=homepage&sa=X&ved=0ahUKEwi4rdiH7dDpAhX_yzgGHcdyD6YQ2ZgBCBc~302

[May 26 2020, 11:30:52][INFO]:: https://policies.google.com/privacy?fg=1~200

[May 26 2020, 11:30:53][INFO]:: https://policies.google.com/terms?fg=1~200

[May 26 2020, 11:30:53][INFO]:: https://www.google.com/preferences?hl=en~200

[May 26 2020, 11:30:53][INFO]:: https://www.google.com/preferences?hl=en-IN&fg=1~200

[May 26 2020, 11:30:53][INFO]:: https://www.google.com/advanced_search?hl=en-IN&fg=1~200

[May 26 2020, 11:30:54][INFO]:: https://www.google.com/history/privacyadvisor/search/unauth?utm_source=googlemenu&fg=1~200

[May 26 2020, 11:30:54][INFO]:: https://www.google.com/history/optout?hl=en-IN&fg=1~302

[May 26 2020, 11:30:55][INFO]:: https://support.google.com/websearch/?p=ws_results_help&hl=en-IN&fg=1~301

[May 26 2020, 11:30:55][INFO]:: https://www.google.com/intl/en_in/ads/?subid=ww-ww-et-g-awa-a-g_hpafoot1_1!o2&utm_source=google.com&utm_medium=referral&utm_campaign=google_hpafooter&fg=1~301

[May 26 2020, 11:30:55][INFO]:: https://www.google.com/services/?subid=ww-ww-et-g-awa-a-g_hpbfoot1_1!o2&utm_source=google.com&utm_medium=referral&utm_campaign=google_hpbfooter&fg=1~200

[May 26 2020, 11:30:55][INFO]:: https://about.google/?utm_source=google-IN&utm_medium=referral&utm_campaign=hp-footer&fg=1~200

[May 26 2020, 11:30:56][INFO]:: https://google.com/search/howsearchworks/?fg=1~301

[May 26 2020, 11:30:56][INFO]:: https://www.google.com/webhp?output=search&tbm=isch&tbo=u&sa=X&ved=0ahUKEwinyvCH7dDpAhXaxzgGHQeKCFUQ0tQDCBAoAQ~200

[May 26 2020, 11:30:56][INFO]:: Total Execution Time : 0 minutes

[May 26 2020, 11:30:56][INFO]:: ************* Completed Test Execution *************

[May 26 2020, 11:30:56][INFO]:: https://www.google.com/search?q=weather&hl=en&sa=X&ved=0ahUKEwinyvCH7dDpAhXaxzgGHQeKCFUQlf4BCBg~302

[May 26 2020, 11:30:57][INFO]:: https://www.google.com/search?q=sports&ibp=spo%3B&hl=en&sa=X&ved=0ahUKEwinyvCH7dDpAhXaxzgGHQeKCFUQlP4BCBk~302

[May 26 2020, 11:30:58][INFO]:: https://www.google.com/search?q=entertainment+news&stick=H4sIAAAAAAAAAOOQV-LQz9U3MMrKKlnEKpSaV5JaVJKYmZcLZCnkpZYXAwCE3GQ1IQAAAA&mlp=1&hl=en&sa=X&ved=0ahUKEwinyvCH7dDpAhXaxzgGHQeKCFUQkv4BCBo~302

[May 26 2020, 11:30:58][INFO]:: https://www.google.com/search?q=restaurants+near+me&ibp=gwp%3B0,6&hl=en&sa=X&ved=0ahUKEwinyvCH7dDpAhXaxzgGHQeKCFUQmYACCBs~302

[May 26 2020, 11:30:59][INFO]:: https://www.google.com/setprefs?sig=0_7k4p-c47LtcvgKjCdqM8D4c3vCk%3D&hl=hi&source=homepage&sa=X&ved=0ahUKEwinyvCH7dDpAhXaxzgGHQeKCFUQ2ZgBCB0~302

[May 26 2020, 11:30:59][INFO]:: https://www.google.com/setprefs?sig=0_7k4p-c47LtcvgKjCdqM8D4c3vCk%3D&hl=bn&source=homepage&sa=X&ved=0ahUKEwinyvCH7dDpAhXaxzgGHQeKCFUQ2ZgBCB4~302

[May 26 2020, 11:31:00][INFO]:: https://www.google.com/setprefs?sig=0_7k4p-c47LtcvgKjCdqM8D4c3vCk%3D&hl=te&source=homepage&sa=X&ved=0ahUKEwinyvCH7dDpAhXaxzgGHQeKCFUQ2ZgBCB8~302

[May 26 2020, 11:31:00][INFO]:: https://www.google.com/setprefs?sig=0_7k4p-c47LtcvgKjCdqM8D4c3vCk%3D&hl=mr&source=homepage&sa=X&ved=0ahUKEwinyvCH7dDpAhXaxzgGHQeKCFUQ2ZgBCCA~302

[May 26 2020, 11:31:01][INFO]:: https://www.google.com/setprefs?sig=0_7k4p-c47LtcvgKjCdqM8D4c3vCk%3D&hl=ta&source=homepage&sa=X&ved=0ahUKEwinyvCH7dDpAhXaxzgGHQeKCFUQ2ZgBCCE~302

[May 26 2020, 11:31:02][INFO]:: https://www.google.com/setprefs?sig=0_7k4p-c47LtcvgKjCdqM8D4c3vCk%3D&hl=gu&source=homepage&sa=X&ved=0ahUKEwinyvCH7dDpAhXaxzgGHQeKCFUQ2ZgBCCI~302

[May 26 2020, 11:31:02][INFO]:: https://www.google.com/setprefs?sig=0_7k4p-c47LtcvgKjCdqM8D4c3vCk%3D&hl=kn&source=homepage&sa=X&ved=0ahUKEwinyvCH7dDpAhXaxzgGHQeKCFUQ2ZgBCCM~302

[May 26 2020, 11:31:03][INFO]:: https://www.google.com/setprefs?sig=0_7k4p-c47LtcvgKjCdqM8D4c3vCk%3D&hl=ml&source=homepage&sa=X&ved=0ahUKEwinyvCH7dDpAhXaxzgGHQeKCFUQ2ZgBCCQ~302

[May 26 2020, 11:31:03][INFO]:: https://www.google.com/setprefs?sig=0_7k4p-c47LtcvgKjCdqM8D4c3vCk%3D&hl=pa&source=homepage&sa=X&ved=0ahUKEwinyvCH7dDpAhXaxzgGHQeKCFUQ2ZgBCCU~302

[May 26 2020, 11:31:04][INFO]:: https://myaccount.google.com/?utm_source=OGB&tab=wk&utm_medium=app~302

[May 26 2020, 11:31:04][INFO]:: https://www.google.co.in/webhp?tab=ww~200

[May 26 2020, 11:31:04][INFO]:: https://maps.google.co.in/maps?hl=en&tab=wl~302

[May 26 2020, 11:31:05][INFO]:: https://m.youtube.com/?client=mv-google&tab=w1~303

[May 26 2020, 11:31:05][INFO]:: https://play.google.com/?hl=en&tab=w8~302

[May 26 2020, 11:31:05][INFO]:: https://news.google.co.in/news?tab=wn~302

[May 26 2020, 11:31:06][INFO]:: https://mail.google.com/mail/x/ogb/gp/?tab=wm~302

[May 26 2020, 11:31:06][INFO]:: https://meet.google.com/?hs=197~302

[May 26 2020, 11:31:06][INFO]:: https://contacts.google.com/?hl=en&tab=wC~302

[May 26 2020, 11:31:07][INFO]:: https://drive.google.com/m?tab=wo#~302

[May 26 2020, 11:31:07][INFO]:: https://www.google.com/calendar/gpcal?tab=wc~301

[May 26 2020, 11:31:08][INFO]:: https://translate.google.co.in/?hl=en&tab=wT~200

[May 26 2020, 11:31:08][INFO]:: https://photos.google.com/?tab=wq&pageId=none~302

[May 26 2020, 11:31:09][INFO]:: https://duo.google.com/?usp=duo_ald~302

[May 26 2020, 11:31:09][INFO]:: https://www.google.com/chrome/?brand=CHZO&utm_source=google.com&utm_medium=desktop-app-launcher&utm_campaign=desktop-app-launcher&utm_content=chrome-logo&utm_keyword=CHZO~200

[May 26 2020, 11:31:09][INFO]:: https://www.google.co.in/shopping?hl=en&source=og&tab=wf~200

[May 26 2020, 11:31:10][INFO]:: https://docs.google.com/document/?usp=docs_alc~302

[May 26 2020, 11:31:10][INFO]:: https://docs.google.com/spreadsheets/?usp=sheets_alc~302

[May 26 2020, 11:31:11][INFO]:: https://docs.google.com/presentation/?usp=slides_alc~302

[May 26 2020, 11:31:11][INFO]:: https://books.google.co.in/bkshp?hl=en&tab=wp~200

[May 26 2020, 11:31:12][INFO]:: https://www.blogger.com/?tab=wj~302

[May 26 2020, 11:31:12][INFO]:: https://hangouts.google.com/~200

[May 26 2020, 11:31:13][INFO]:: https://keep.google.com/~302

[May 26 2020, 11:31:13][INFO]:: ************* Completed Test Execution *************

[May 26 2020, 11:31:14][INFO]:: https://jamboard.google.com/?usp=jam_ald~302

[May 26 2020, 11:31:15][INFO]:: https://www.google.co.in/save~200

[May 26 2020, 11:31:16][INFO]:: https://artsandculture.google.com/?hl=en~200

[May 26 2020, 11:31:16][INFO]:: Total Execution Time : 0 minutes

[May 26 2020, 11:31:16][INFO]:: ************* Completed Test Execution *************
